[16:02:19] [main/INFO]: Loading Minecraft 1.20.4 with Fabric Loader 0.15.1
[16:02:19] [main/INFO]: Loading 4 mods:
	- fabricloader 0.15.1
	   \-- mixinextras 0.3.1
	- java 17
	- minecraft 1.20.4
[16:02:19] [main/INFO]: SpongePowered MIXIN Subsystem Version=0.8.5 Source=file:/home/runner/work/actions-minecraft-server/actions-minecraft-server/libraries/net/fabricmc/sponge-mixin/0.12.5+mixin.0.8.5/sponge-mixin-0.12.5+mixin.0.8.5.jar Service=Knot/Fabric Env=SERVER
[16:02:25] [main/INFO]: Environment: Environment[sessionHost=https://sessionserver.mojang.com, servicesHost=https://api.minecraftservices.com, name=PROD]
[16:02:26] [main/INFO]: No existing world data, creating new world
[16:02:27] [main/INFO]: Loaded 7 recipes
[16:02:27] [main/INFO]: Loaded 1271 advancements
[16:02:27] [Server thread/INFO]: Starting minecraft server version 1.20.4
[16:02:27] [Server thread/INFO]: Loading properties
[16:02:27] [Server thread/INFO]: Default game type: SURVIVAL
[16:02:27] [Server thread/INFO]: Generating keypair
[16:02:27] [Server thread/INFO]: Starting Minecraft server on *:25565
[16:02:28] [Server thread/INFO]: Using epoll channel type
[16:02:28] [Server thread/WARN]: **** SERVER IS RUNNING IN OFFLINE/INSECURE MODE!
[16:02:28] [Server thread/WARN]: The server will make no attempt to authenticate usernames. Beware.
[16:02:28] [Server thread/WARN]: While this makes the game possible to play without internet access, it also opens up the ability for hackers to connect with any username they choose.
[16:02:28] [Server thread/WARN]: To change this, set "online-mode" to "true" in the server.properties file.
[16:02:28] [Server thread/INFO]: Preparing level "world"
[16:02:33] [Server thread/INFO]: Preparing start region for dimension minecraft:overworld
[16:02:34] [Worker-Main-1/INFO]: Preparing spawn area: 0%
[16:02:34] [Worker-Main-3/INFO]: Preparing spawn area: 0%
[16:02:34] [Worker-Main-1/INFO]: Preparing spawn area: 0%
[16:02:35] [Worker-Main-2/INFO]: Preparing spawn area: 0%
[16:02:35] [Worker-Main-3/INFO]: Preparing spawn area: 0%
[16:02:36] [Worker-Main-1/INFO]: Preparing spawn area: 1%
[16:02:36] [Worker-Main-2/INFO]: Preparing spawn area: 1%
[16:02:37] [Worker-Main-1/INFO]: Preparing spawn area: 2%
[16:02:37] [Worker-Main-2/INFO]: Preparing spawn area: 3%
[16:02:38] [Worker-Main-2/INFO]: Preparing spawn area: 4%
[16:02:38] [Worker-Main-2/INFO]: Preparing spawn area: 6%
[16:02:39] [Worker-Main-1/INFO]: Preparing spawn area: 8%
[16:02:39] [Worker-Main-2/INFO]: Preparing spawn area: 9%
[16:02:40] [Worker-Main-2/INFO]: Preparing spawn area: 11%
[16:02:40] [Worker-Main-3/INFO]: Preparing spawn area: 14%
[16:02:41] [Worker-Main-3/INFO]: Preparing spawn area: 16%
[16:02:41] [Worker-Main-2/INFO]: Preparing spawn area: 17%
[16:02:42] [Worker-Main-2/INFO]: Preparing spawn area: 20%
[16:02:42] [Worker-Main-1/INFO]: Preparing spawn area: 23%
[16:02:43] [Worker-Main-3/INFO]: Preparing spawn area: 25%
[16:02:43] [Worker-Main-3/INFO]: Preparing spawn area: 29%
[16:02:44] [Worker-Main-3/INFO]: Preparing spawn area: 31%
[16:02:44] [Worker-Main-1/INFO]: Preparing spawn area: 34%
[16:02:45] [Worker-Main-1/INFO]: Preparing spawn area: 37%
[16:02:45] [Worker-Main-2/INFO]: Preparing spawn area: 40%
[16:02:46] [Worker-Main-1/INFO]: Preparing spawn area: 42%
[16:02:46] [Worker-Main-2/INFO]: Preparing spawn area: 45%
[16:02:47] [Worker-Main-3/INFO]: Preparing spawn area: 47%
[16:02:47] [Worker-Main-3/INFO]: Preparing spawn area: 51%
[16:02:48] [Worker-Main-2/INFO]: Preparing spawn area: 54%
[16:02:48] [Worker-Main-2/INFO]: Preparing spawn area: 56%
[16:02:49] [Worker-Main-1/INFO]: Preparing spawn area: 59%
[16:02:49] [Worker-Main-1/INFO]: Preparing spawn area: 63%
[16:02:50] [Worker-Main-2/INFO]: Preparing spawn area: 67%
[16:02:50] [Worker-Main-3/INFO]: Preparing spawn area: 70%
[16:02:51] [Worker-Main-1/INFO]: Preparing spawn area: 72%
[16:02:51] [Worker-Main-2/INFO]: Preparing spawn area: 76%
[16:02:52] [Worker-Main-1/INFO]: Preparing spawn area: 80%
[16:02:52] [Worker-Main-2/INFO]: Preparing spawn area: 83%
[16:02:53] [Worker-Main-1/INFO]: Preparing spawn area: 85%
[16:02:53] [Worker-Main-1/INFO]: Preparing spawn area: 89%
[16:02:54] [Worker-Main-2/INFO]: Preparing spawn area: 92%
[16:02:54] [Worker-Main-1/INFO]: Preparing spawn area: 96%
[16:02:55] [Server thread/INFO]: Time elapsed: 21468 ms
[16:02:55] [Server thread/INFO]: Done (26.984s)! For help, type "help"
[16:02:55] [Server thread/INFO]: Made joaopedro8992 a server operator
[16:06:41] [Server thread/INFO]: joaopedro8992[IP hidden] logged in with entity id 119 at (9.5, 92.0, -4.5)
[16:06:41] [Server thread/INFO]: joaopedro8992 joined the game
[16:06:48] [Server thread/WARN]: Mismatch in destroy block pos: class_2338{x=0, y=0, z=0} class_2338{x=11, y=93, z=-4}
[16:06:49] [Server thread/WARN]: Mismatch in destroy block pos: class_2338{x=0, y=0, z=0} class_2338{x=12, y=93, z=-4}
[16:07:29] [Server thread/INFO]: [Not Secure] <joaopedro8992> a
[16:08:13] [Server thread/INFO]: joaopedro8992 lost connection: Disconnected
[16:08:13] [Server thread/INFO]: joaopedro8992 left the game
[16:08:17] [Server thread/INFO]: joaopedro8992[IP hidden] logged in with entity id 420 at (-14.499354972897494, 97.0, 27.051692115447388)
[16:08:17] [Server thread/INFO]: joaopedro8992 joined the game
[16:08:29] [Server thread/INFO]: joaopedro8992 lost connection: Disconnected
[16:08:29] [Server thread/INFO]: joaopedro8992 left the game
[16:08:33] [Server thread/INFO]: joaopedro8992[IP hidden] logged in with entity id 451 at (-5.167960896413815, 93.0, 0.20492891049768194)
[16:08:33] [Server thread/INFO]: joaopedro8992 joined the game
[16:09:08] [Server thread/WARN]: Mismatch in destroy block pos: class_2338{x=0, y=0, z=0} class_2338{x=1, y=88, z=-7}
[16:09:09] [Server thread/WARN]: Mismatch in destroy block pos: class_2338{x=0, y=0, z=0} class_2338{x=0, y=89, z=-6}
[16:10:17] [Server thread/INFO]: joaopedro8992 lost connection: Disconnected
[16:10:17] [Server thread/INFO]: joaopedro8992 left the game
